<?xml version="1.0" encoding="UTF-8"?>
<testsuite xmlns:xsi="http://www.w3.org/2001/XMLSchema-instance" xsi:noNamespaceSchemaLocation="https://maven.apache.org/surefire/maven-surefire-plugin/xsd/surefire-test-report.xsd" name="tomia.utils.textRedactor.service.impl.TextServiceImplTest" time="9.84" tests="8" errors="0" skipped="0" failures="0">
  <properties>
[...]
</properties>
  <testcase name="addText" classname="tomia.utils.textRedactor.service.impl.TextServiceImplTest" time="1.089"/>
  <testcase name="addTextToPosition" classname="tomia.utils.textRedactor.service.impl.TextServiceImplTest" time="0.032"/>
  <testcase name="remove" classname="tomia.utils.textRedactor.service.impl.TextServiceImplTest" time="0.025"/>
  <testcase name="italic" classname="tomia.utils.textRedactor.service.impl.TextServiceImplTest" time="0.02"/>
  <testcase name="bold" classname="tomia.utils.textRedactor.service.impl.TextServiceImplTest" time="0.039"/>
  <testcase name="underline" classname="tomia.utils.textRedactor.service.impl.TextServiceImplTest" time="0.028"/>
  <testcase name="undo" classname="tomia.utils.textRedactor.service.impl.TextServiceImplTest" time="0.017"/>
  <testcase name="redo" classname="tomia.utils.textRedactor.service.impl.TextServiceImplTest" time="0.017"/>
</testsuite>